-r--r--r--   1  <<uid>>  <<gid>>        597 2017-01-05 00:00:00 HEADER
-r-xr-xr-x   1  <<uid>>  <<gid>>         39 2017-01-05 00:00:00 INSTALL
-r-xr-xr-x   1  <<uid>>  <<gid>>         39 2017-01-05 00:00:00 UPGRADE
dr-xr-xr-x   3  <<uid>>  <<gid>>          0 2017-01-05 00:00:00 INFO
-r--r--r--   1  <<uid>>  <<gid>>          0 2017-01-05 00:00:00 INFO/NAME-EPOCH:VERSION-RELEASE
-r--r--r--   1  <<uid>>  <<gid>>          0 2017-01-05 00:00:00 INFO/GROUP
-r--r--r--   1  <<uid>>  <<gid>>          0 2017-01-05 00:00:00 INFO/BUILDHOST
-r--r--r--   1  <<uid>>  <<gid>>          0 2017-01-05 00:00:00 INFO/SOURCERPM
-r--r--r--   1  <<uid>>  <<gid>>          0 2017-01-05 00:00:00 INFO/BUILDTIME
-r--r--r--   1  <<uid>>  <<gid>>          0 2017-01-05 00:00:00 INFO/RPMVERSION
-r--r--r--   1  <<uid>>  <<gid>>          0 2017-01-05 00:00:00 INFO/OS
-r--r--r--   1  <<uid>>  <<gid>>          0 2017-01-05 00:00:00 INFO/SIZE
-r--r--r--   1  <<uid>>  <<gid>>          0 2017-01-05 00:00:00 INFO/DISTRIBUTION
-r--r--r--   1  <<uid>>  <<gid>>          0 2017-01-05 00:00:00 INFO/VENDOR
-r--r--r--   1  <<uid>>  <<gid>>          0 2017-01-05 00:00:00 INFO/DESCRIPTION
-r--r--r--   1  <<uid>>  <<gid>>          0 2017-01-05 00:00:00 INFO/SUMMARY
-r--r--r--   1  <<uid>>  <<gid>>          0 2017-01-05 00:00:00 INFO/SCRIPTS/PRETRANS
-r--r--r--   1  <<uid>>  <<gid>>          0 2017-01-05 00:00:00 INFO/SCRIPTS/POSTTRANS
-r--r--r--   1  <<uid>>  <<gid>>          0 2017-01-05 00:00:00 INFO/SCRIPTS/PREIN
-r--r--r--   1  <<uid>>  <<gid>>          0 2017-01-05 00:00:00 INFO/SCRIPTS/POSTIN
-r--r--r--   1  <<uid>>  <<gid>>          0 2017-01-05 00:00:00 INFO/SCRIPTS/PREUN
-r--r--r--   1  <<uid>>  <<gid>>          0 2017-01-05 00:00:00 INFO/SCRIPTS/POSTUN
-r--r--r--   1  <<uid>>  <<gid>>          0 2017-01-05 00:00:00 INFO/SCRIPTS/VERIFYSCRIPT
-r--r--r--   1  <<uid>>  <<gid>>          0 2017-01-05 00:00:00 INFO/SCRIPTS/ALL
-r--r--r--   1  <<uid>>  <<gid>>          0 2017-01-05 00:00:00 INFO/SCRIPTS/PRETRANSPROG
-r--r--r--   1  <<uid>>  <<gid>>          0 2017-01-05 00:00:00 INFO/SCRIPTS/POSTTRANSPROG
-r--r--r--   1  <<uid>>  <<gid>>          0 2017-01-05 00:00:00 INFO/SCRIPTS/PREINPROG
-r--r--r--   1  <<uid>>  <<gid>>          0 2017-01-05 00:00:00 INFO/SCRIPTS/POSTINPROG
-r--r--r--   1  <<uid>>  <<gid>>          0 2017-01-05 00:00:00 INFO/SCRIPTS/PREUNPROG
-r--r--r--   1  <<uid>>  <<gid>>          0 2017-01-05 00:00:00 INFO/SCRIPTS/POSTUNPROG
-r--r--r--   1  <<uid>>  <<gid>>          0 2017-01-05 00:00:00 INFO/SCRIPTS/VERIFYSCRIPTPROG
-r--r--r--   1  <<uid>>  <<gid>>          0 2017-01-05 00:00:00 INFO/PACKAGER
-r--r--r--   1  <<uid>>  <<gid>>          0 2017-01-05 00:00:00 INFO/URL
-r--r--r--   1  <<uid>>  <<gid>>          0 2017-01-05 00:00:00 INFO/EPOCH
-r--r--r--   1  <<uid>>  <<gid>>          0 2017-01-05 00:00:00 INFO/LICENSE
-r--r--r--   1  <<uid>>  <<gid>>          0 2017-01-05 00:00:00 INFO/REQUIRES
-r--r--r--   1  <<uid>>  <<gid>>          0 2017-01-05 00:00:00 INFO/OBSOLETES
-r--r--r--   1  <<uid>>  <<gid>>          0 2017-01-05 00:00:00 INFO/PROVIDES
-r--r--r--   1  <<uid>>  <<gid>>          0 2017-01-05 00:00:00 INFO/CHANGELOG
-r--r--r--   1  <<uid>>  <<gid>>          0 2017-01-05 00:00:00 CONTENTS.cpio
