-rw-r--r--   1  <<uid>>  <<gid>>        143 2002-08-01 23:21:47 alert
-rw-r--r--   1  <<uid>>  <<gid>>        363 2004-05-19 20:42:38 atime
-rw-r--r--   1  <<uid>>  <<gid>>         71 2005-11-09 01:36:31 fv
-rw-r--r--   1  <<uid>>  <<gid>>         59 2003-10-18 20:37:07 fvd
-rw-r--r--   1  <<uid>>  <<gid>>         83 2006-10-22 22:26:05 magdev
-rw-r--r--   1  <<uid>>  <<gid>>         72 2006-10-19 16:56:16 maghelp
-rw-r--r--   1  <<uid>>  <<gid>>         37 2004-03-14 12:25:27 ml
-rw-r--r--   1  <<uid>>  <<gid>>         28 2004-07-06 18:02:03 modernize
-rw-r--r--   1  <<uid>>  <<gid>>        138 2004-04-02 03:05:30 pxml
-rw-r--r--   1  <<uid>>  <<gid>>        725 2004-12-08 20:42:44 s
-rw-r--r--   1  <<uid>>  <<gid>>        803 2002-07-29 11:58:15 ser
-rw-r--r--   1  <<uid>>  <<gid>>         40 2004-08-04 14:29:00 title
-rw-r--r--   1  <<uid>>  <<gid>>        156 2002-08-01 23:21:41 ualert
-rw-r--r--   1  <<uid>>  <<gid>>         17 2004-06-28 16:49:03 ucopy
-rw-r--r--   1  <<uid>>  <<gid>>         18 2004-06-28 16:49:10 upaste
-rw-r--r--   1  <<uid>>  <<gid>>       2146 2003-08-25 19:08:11 utf8_to_cp1255.perl
-rw-r--r--   1  <<uid>>  <<gid>>         63 2006-05-16 21:00:06 utf8_to_cp1255.sh
-rw-r--r--   1  <<uid>>  <<gid>>        846 2003-08-11 17:40:25 vimspell.sh
-rw-r--r--   1  <<uid>>  <<gid>>        819 2002-03-28 01:20:12 vimspell.txt
-rw-r--r--   1  <<uid>>  <<gid>>        233 2005-11-14 04:41:01 vp
-rw-r--r--   1  <<uid>>  <<gid>>          0 2016-12-18 22:30:42 with spaces.txt
drwxr-xr-x   1  <<uid>>  <<gid>>          0 2016-10-26 08:35:48 x
-rw-r--r--   1  <<uid>>  <<gid>>        340 2010-01-31 23:04:48 x/.xsession
drwxr-xr-x   1  <<uid>>  <<gid>>          0 2009-05-03 21:01:33 x/etc
drwxr-xr-x   1  <<uid>>  <<gid>>          0 2009-05-03 21:02:13 x/etc/X11
drwxr-xr-x   1  <<uid>>  <<gid>>          0 2006-05-02 10:12:38 x/etc/X11/xinit
-rw-r--r--   1  <<uid>>  <<gid>>       1856 2005-09-24 02:11:27 x/etc/X11/xinit/Xclients
drwxr-xr-x   1  <<uid>>  <<gid>>          0 2005-09-24 02:11:27 x/etc/X11/xinit/Xclients.d
-rw-r--r--   1  <<uid>>  <<gid>>       1270 2005-09-24 02:11:27 x/etc/X11/xinit/xinitrc
-rw-r--r--   1  <<uid>>  <<gid>>       2161 2005-09-24 02:11:27 x/etc/X11/xinit/xinitrc-common
drwxr-xr-x   1  <<uid>>  <<gid>>          0 2005-12-04 19:15:47 x/etc/X11/xinit/xinitrc.d
-rw-r--r--   1  <<uid>>  <<gid>>       1579 2005-09-24 02:11:27 x/etc/X11/xinit/xinitrc.d/xinput.sh
-rw-r--r--   1  <<uid>>  <<gid>>         81 2005-09-02 17:36:13 x/etc/X11/xinit/xinitrc.d/xmbind.sh
drwxr-xr-x   1  <<uid>>  <<gid>>          0 2009-05-03 21:07:38 x/etc/X11/xkb
-rw-r--r--   1  <<uid>>  <<gid>>         71 2009-05-03 21:07:38 x/etc/X11/xkb/note.txt
-rw-r--r--   1  <<uid>>  <<gid>>        489 2003-08-03 01:46:40 x/setxkb
-rw-r--r--   1  <<uid>>  <<gid>>        142 2003-03-09 14:08:01 x/setxkb2
-rw-r--r--   1  <<uid>>  <<gid>>        158 2002-11-08 13:28:37 x/x
-rw-r--r--   1  <<uid>>  <<gid>>       3746 2006-12-07 11:30:57 x/xinitrc
-rw-r--r--   1  <<uid>>  <<gid>>         42 2006-12-07 11:28:18 x/xs
-rw-r--r--   1  <<uid>>  <<gid>>         58 2003-02-17 15:11:46 xcopy
-rw-r--r--   1  <<uid>>  <<gid>>         58 2003-02-17 15:10:46 xpaste
