-rw-r--r--   1  <<uid>>  <<gid>>        256 2007-11-08 02:06:00 WinAce/find.add
-rw-r--r--   1  <<uid>>  <<gid>>       5655 2007-11-08 02:06:00 WinAce/winace.cnt
-rw-r--r--   1  <<uid>>  <<gid>>       1943 2007-11-08 02:06:00 WinAce/winace_enu.cnt
-rw-r--r--   1  <<uid>>  <<gid>>      31232 1994-04-17 02:06:00 WinAce/arcext.de
-rw-r--r--   1  <<uid>>  <<gid>>      26624 2007-11-08 02:06:00 WinAce/sxuninst.de
-rw-r--r--   1  <<uid>>  <<gid>>        883 2007-11-08 02:06:00 WinAce/file_id.diz
-rw-r--r--   1  <<uid>>  <<gid>>    1446400 2007-11-08 02:06:00 WinAce/acetools.dll
-rw-r--r--   1  <<uid>>  <<gid>>     235008 2007-11-08 02:06:00 WinAce/acev2.dll
-rw-r--r--   1  <<uid>>  <<gid>>     166912 2007-11-08 02:06:00 WinAce/arcext.dll
-rw-r--r--   1  <<uid>>  <<gid>>      61440 2007-11-08 02:06:00 WinAce/arcicons.dll
-rw-r--r--   1  <<uid>>  <<gid>>      65536 2007-11-08 02:06:00 WinAce/cabinet.dll
-rw-r--r--   1  <<uid>>  <<gid>>     335360 2007-11-08 02:06:00 WinAce/find.dll
-rw-r--r--   1  <<uid>>  <<gid>>     119808 2007-11-08 02:06:00 WinAce/sfxlib.dll
-rw-r--r--   1  <<uid>>  <<gid>>     160256 2007-10-23 01:06:00 WinAce/unrar3.dll
-rw-r--r--   1  <<uid>>  <<gid>>      16384 2007-11-08 02:06:00 WinAce/zficons.dll
-rw-r--r--   1  <<uid>>  <<gid>>       1938 2007-11-08 02:06:00 WinAce/license.doc
-rw-r--r--   1  <<uid>>  <<gid>>      11895 2007-11-08 02:06:00 WinAce/technote.doc
-rw-r--r--   1  <<uid>>  <<gid>>     439296 2007-11-08 02:06:00 WinAce/acetools.enu
-rw-r--r--   1  <<uid>>  <<gid>>      48128 2007-11-08 02:06:00 WinAce/find.enu
-rw-r--r--   1  <<uid>>  <<gid>>     104960 2007-11-08 02:06:00 WinAce/order.enu
-rw-r--r--   1  <<uid>>  <<gid>>      29696 2007-11-08 02:06:00 WinAce/wb_setup.enu
-rw-r--r--   1  <<uid>>  <<gid>>     594432 2007-11-08 02:06:00 WinAce/winace.enu
-rw-r--r--   1  <<uid>>  <<gid>>      36864 2007-11-08 02:06:00 WinAce/ccrypt.exe
-rw-r--r--   1  <<uid>>  <<gid>>      93696 2007-11-08 02:06:00 WinAce/helpinst.exe
-rw-r--r--   1  <<uid>>  <<gid>>      88092 2016-12-11 22:17:00 Internet
-rw-r--r--   1  <<uid>>  <<gid>>     252928 2007-11-08 02:06:00 WinAce/order.exe
-rw-r--r--   1  <<uid>>  <<gid>>     165376 2007-11-08 02:06:00 WinAce/sxuninst.exe
-rw-r--r--   1  <<uid>>  <<gid>>     401408 2007-11-08 02:06:00 WinAce/wb_setup.exe
-rw-r--r--   1  <<uid>>  <<gid>>    1207296 2007-11-08 02:06:00 WinAce/winace.exe
-rw-r--r--   1  <<uid>>  <<gid>>     839956 2007-11-08 02:06:00 WinAce/winace.hlp
-rw-r--r--   1  <<uid>>  <<gid>>     137589 2007-11-08 02:06:00 WinAce/winace_enu.hlp
-rw-r--r--   1  <<uid>>  <<gid>>      20278 2007-11-08 02:06:00 WinAce/menuimg.imf
-rw-r--r--   1  <<uid>>  <<gid>>      20278 2007-11-08 02:06:00 WinAce/menu256.imf
-rw-r--r--   1  <<uid>>  <<gid>>      77878 2007-11-08 02:06:00 WinAce/tool256.imf
-rw-r--r--   1  <<uid>>  <<gid>>      77878 2007-11-08 02:06:00 WinAce/toolimg.imf
-rw-r--r--   1  <<uid>>  <<gid>>      80464 2007-11-08 02:06:00 WinAce/menuimg.img
-rw-r--r--   1  <<uid>>  <<gid>>     321254 2007-11-08 02:06:00 WinAce/toolimg.img
-rw-r--r--   1  <<uid>>  <<gid>>        356 2007-11-08 02:06:00 WinAce/outbar.ini
-rw-r--r--   1  <<uid>>  <<gid>>       1304 2007-11-08 02:06:00 WinAce/products.ini
-rw-r--r--   1  <<uid>>  <<gid>>        409 2007-11-08 02:06:00 WinAce/sfxopt.ini
-rw-r--r--   1  <<uid>>  <<gid>>       4215 2007-11-08 02:06:00 WinAce/sxuninst.ini
-rw-r--r--   1  <<uid>>  <<gid>>        155 2007-11-08 02:06:00 WinAce/toolimg.ini
-rw-r--r--   1  <<uid>>  <<gid>>        854 2007-11-08 02:06:00 WinAce/volume.ini
-rw-r--r--   1  <<uid>>  <<gid>>        235 2007-11-08 02:06:00 WinAce/order.ord
-rw-r--r--   1  <<uid>>  <<gid>>        298 2007-11-08 02:06:00 WinAce/html/images/abort.png
-rw-r--r--   1  <<uid>>  <<gid>>        211 2007-11-08 02:06:00 WinAce/html/images/added.png
-rw-r--r--   1  <<uid>>  <<gid>>        230 2007-11-08 02:06:00 WinAce/html/images/back.png
-rw-r--r--   1  <<uid>>  <<gid>>        184 2007-11-08 02:06:00 WinAce/html/images/backimg.png
-rw-r--r--   1  <<uid>>  <<gid>>       8573 2007-11-08 02:06:00 WinAce/html/images/banner_bg.png
-rw-r--r--   1  <<uid>>  <<gid>>       1488 2007-11-08 02:06:00 WinAce/html/images/bar.png
-rw-r--r--   1  <<uid>>  <<gid>>       1846 2007-11-08 02:06:00 WinAce/html/images/bar1.png
-rw-r--r--   1  <<uid>>  <<gid>>        191 2007-11-08 02:06:00 WinAce/html/images/bg2.png
-rw-r--r--   1  <<uid>>  <<gid>>       1001 2007-11-08 02:06:00 WinAce/html/images/bug.png
-rw-r--r--   1  <<uid>>  <<gid>>        223 2007-11-08 02:06:00 WinAce/html/images/check.png
-rw-r--r--   1  <<uid>>  <<gid>>      23049 2007-11-08 02:06:00 WinAce/html/images/compare.png
-rw-r--r--   1  <<uid>>  <<gid>>        278 2007-11-08 02:06:00 WinAce/html/images/contact.png
-rw-r--r--   1  <<uid>>  <<gid>>        278 2007-11-08 02:06:00 WinAce/html/images/email.png
-rw-r--r--   1  <<uid>>  <<gid>>        385 2007-11-08 02:06:00 WinAce/html/images/fillout.png
-rw-r--r--   1  <<uid>>  <<gid>>        943 2007-11-08 02:06:00 WinAce/html/images/fwd.png
-rw-r--r--   1  <<uid>>  <<gid>>        176 2007-11-08 02:06:00 WinAce/html/images/infoback.png
-rw-r--r--   1  <<uid>>  <<gid>>        145 2007-11-08 02:06:00 WinAce/html/images/line.png
-rw-r--r--   1  <<uid>>  <<gid>>       7911 2007-11-08 02:06:00 WinAce/html/images/logo.png
-rw-r--r--   1  <<uid>>  <<gid>>       5595 2007-11-08 02:06:00 WinAce/html/images/logotop.png
-rw-r--r--   1  <<uid>>  <<gid>>       2551 2007-11-08 02:06:00 WinAce/html/images/logoarc.png
-rw-r--r--   1  <<uid>>  <<gid>>       1108 2007-11-08 02:06:00 WinAce/html/images/master.png
-rw-r--r--   1  <<uid>>  <<gid>>       1090 2007-11-08 02:06:00 WinAce/html/images/new.png
-rw-r--r--   1  <<uid>>  <<gid>>        235 2007-11-08 02:06:00 WinAce/html/images/nexttip.png
-rw-r--r--   1  <<uid>>  <<gid>>        211 2007-11-08 02:06:00 WinAce/html/images/plus.png
-rw-r--r--   1  <<uid>>  <<gid>>       1015 2007-11-08 02:06:00 WinAce/html/images/preview.png
-rw-r--r--   1  <<uid>>  <<gid>>        960 2007-11-08 02:06:00 WinAce/html/images/redo.png
-rw-r--r--   1  <<uid>>  <<gid>>        201 2007-11-08 02:06:00 WinAce/html/images/side.png
-rw-r--r--   1  <<uid>>  <<gid>>        382 2007-11-08 02:06:00 WinAce/html/images/sysinfo.png
-rw-r--r--   1  <<uid>>  <<gid>>        482 2007-11-08 02:06:00 WinAce/html/images/tip.png
-rw-r--r--   1  <<uid>>  <<gid>>        345 2007-11-08 02:06:00 WinAce/html/images/tip1.png
-rw-r--r--   1  <<uid>>  <<gid>>       1264 2007-11-08 02:06:00 WinAce/html/images/top.png
-rw-r--r--   1  <<uid>>  <<gid>>        993 2007-11-08 02:06:00 WinAce/html/images/top_r.png
-rw-r--r--   1  <<uid>>  <<gid>>        992 2007-11-08 02:06:00 WinAce/html/images/top_l.png
-rw-r--r--   1  <<uid>>  <<gid>>       1012 2007-11-08 02:06:00 WinAce/html/images/visa.png
-rw-r--r--   1  <<uid>>  <<gid>>        132 2007-11-08 02:06:00 WinAce/html/images/vline.png
-rw-r--r--   1  <<uid>>  <<gid>>        263 2007-11-08 02:06:00 WinAce/html/images/w.png
-rw-r--r--   1  <<uid>>  <<gid>>       1186 2007-11-08 02:06:00 WinAce/html/images/waceico.png
-rw-r--r--   1  <<uid>>  <<gid>>       4824 2007-11-08 02:06:00 WinAce/html/images/winacelogo.png
-rw-r--r--   1  <<uid>>  <<gid>>        406 2007-11-08 02:06:00 WinAce/html/images/winace.png
-rw-r--r--   1  <<uid>>  <<gid>>      64933 2007-11-08 02:06:00 WinAce/sfxfiles/dos32.sfx
-rw-r--r--   1  <<uid>>  <<gid>>      79937 2007-11-08 02:06:00 WinAce/sfxfiles/os2cl.sfx
-rw-r--r--   1  <<uid>>  <<gid>>      68877 2007-11-08 02:06:00 WinAce/sfxfiles/wgui_hu.sfx
-rw-r--r--   1  <<uid>>  <<gid>>      68834 2007-11-08 02:06:00 WinAce/sfxfiles/wgui_plk.sfx
-rw-r--r--   1  <<uid>>  <<gid>>      68824 2007-11-08 02:06:00 WinAce/sfxfiles/wgui_cz.sfx
-rw-r--r--   1  <<uid>>  <<gid>>      68781 2007-11-08 02:06:00 WinAce/sfxfiles/wgui_fr.sfx
-rw-r--r--   1  <<uid>>  <<gid>>      68692 2007-11-08 02:06:00 WinAce/sfxfiles/wgui_nld.sfx
-rw-r--r--   1  <<uid>>  <<gid>>      68621 2007-11-08 02:06:00 WinAce/sfxfiles/wgui_it.sfx
-rw-r--r--   1  <<uid>>  <<gid>>      68478 2007-11-08 02:06:00 WinAce/sfxfiles/wgui_de.sfx
-rw-r--r--   1  <<uid>>  <<gid>>      68215 2007-11-08 02:06:00 WinAce/sfxfiles/wgui_en.sfx
-rw-r--r--   1  <<uid>>  <<gid>>      46936 2007-11-08 02:06:00 WinAce/sfxfiles/win32cl.sfx
-rw-r--r--   1  <<uid>>  <<gid>>       2249 2007-11-08 02:06:00 WinAce/html/english/infotip.txt
-rw-r--r--   1  <<uid>>  <<gid>>       2234 2007-11-08 02:06:00 WinAce/html/deutsch/infotip.txt
-rw-r--r--   1  <<uid>>  <<gid>>        960 2007-11-08 02:06:00 WinAce/infodeu.txt
-rw-r--r--   1  <<uid>>  <<gid>>        256 2007-11-08 02:06:00 WinAce/language.txt
-rw-r--r--   1  <<uid>>  <<gid>>       3138 2007-11-08 02:06:00 WinAce/register.txt
-rw-r--r--   1  <<uid>>  <<gid>>       1117 2007-11-08 02:06:00 WinAce/regsites.txt
-rw-r--r--   1  <<uid>>  <<gid>>        960 2007-11-08 02:06:00 WinAce/techinfo.txt
-rw-r--r--   1  <<uid>>  <<gid>>         47 2007-11-08 02:06:00 WinAce/winace.url
-rw-r--r--   1  <<uid>>  <<gid>>       3538 2007-11-08 02:06:00 WinAce/html/english/av.whf
-rw-r--r--   1  <<uid>>  <<gid>>       3538 2007-11-08 02:06:00 WinAce/html/deutsch/av.whf
-rw-r--r--   1  <<uid>>  <<gid>>      13100 2007-11-08 02:06:00 WinAce/html/deutsch/commands.whf
-rw-r--r--   1  <<uid>>  <<gid>>      10299 2007-11-08 02:06:00 WinAce/html/english/commands.whf
-rw-r--r--   1  <<uid>>  <<gid>>       1157 2007-11-08 02:06:00 WinAce/html/deutsch/compare.whf
-rw-r--r--   1  <<uid>>  <<gid>>       1155 2007-11-08 02:06:00 WinAce/html/english/compare.whf
-rw-r--r--   1  <<uid>>  <<gid>>      85468 2007-11-08 02:06:00 WinAce/html/deutsch/history.whf
-rw-r--r--   1  <<uid>>  <<gid>>      69151 2007-11-08 02:06:00 WinAce/html/english/history.whf
-rw-r--r--   1  <<uid>>  <<gid>>      10208 2007-11-08 02:06:00 WinAce/html/deutsch/info.whf
-rw-r--r--   1  <<uid>>  <<gid>>       7971 2007-11-08 02:06:00 WinAce/html/english/info.whf
-rw-r--r--   1  <<uid>>  <<gid>>       3193 2007-11-08 02:06:00 WinAce/html/deutsch/infotip.whf
-rw-r--r--   1  <<uid>>  <<gid>>       2518 2007-11-08 02:06:00 WinAce/html/english/infotip.whf
-rw-r--r--   1  <<uid>>  <<gid>>       2271 2007-11-08 02:06:00 WinAce/html/deutsch/menu.whf
-rw-r--r--   1  <<uid>>  <<gid>>       2239 2007-11-08 02:06:00 WinAce/html/english/menu.whf
-rw-r--r--   1  <<uid>>  <<gid>>       1256 2007-11-08 02:06:00 WinAce/html/english/menuex.whf
-rw-r--r--   1  <<uid>>  <<gid>>       1245 2007-11-08 02:06:00 WinAce/html/deutsch/menuex.whf
-rw-r--r--   1  <<uid>>  <<gid>>       1945 2007-11-08 02:06:00 WinAce/html/english/nav.whf
-rw-r--r--   1  <<uid>>  <<gid>>       1930 2007-11-08 02:06:00 WinAce/html/deutsch/nav.whf
-rw-r--r--   1  <<uid>>  <<gid>>      12471 2007-11-08 02:06:00 WinAce/html/deutsch/order.whf
-rw-r--r--   1  <<uid>>  <<gid>>      12426 2007-11-08 02:06:00 WinAce/html/english/order.whf
-rw-r--r--   1  <<uid>>  <<gid>>       2158 2007-11-08 02:06:00 WinAce/html/deutsch/share.whf
-rw-r--r--   1  <<uid>>  <<gid>>       1745 2007-11-08 02:06:00 WinAce/html/english/share.whf
-rw-r--r--   1  <<uid>>  <<gid>>       1547 2007-11-08 02:06:00 WinAce/html/english/system.whf
-rw-r--r--   1  <<uid>>  <<gid>>       1462 2007-11-08 02:06:00 WinAce/html/deutsch/system.whf
-rw-r--r--   1  <<uid>>  <<gid>>       2282 2007-11-08 02:06:00 WinAce/html/english/top.whf
-rw-r--r--   1  <<uid>>  <<gid>>       2256 2007-11-08 02:06:00 WinAce/html/deutsch/top.whf
-rw-r--r--   1  <<uid>>  <<gid>>        602 2007-11-08 02:06:00 WinAce/html/deutsch/usage.whf
-rw-r--r--   1  <<uid>>  <<gid>>        601 2007-11-08 02:06:00 WinAce/html/english/usage.whf
-rw-r--r--   1  <<uid>>  <<gid>>        889 2007-11-08 02:06:00 WinAce/html/english/welcome.whf
-rw-r--r--   1  <<uid>>  <<gid>>        881 2007-11-08 02:06:00 WinAce/html/deutsch/welcome.whf
-rw-r--r--   1  <<uid>>  <<gid>>        374 2007-11-08 02:06:00 WinAce/projects/backup
-rw-r--r--   1  <<uid>>  <<gid>>        354 2007-11-08 02:06:00 WinAce/projects/backup
-rw-r--r--   1  <<uid>>  <<gid>>        126 2007-11-08 02:06:00 WinAce/projects/multivolume.wpf
-rw-r--r--   1  <<uid>>  <<gid>>         94 2007-11-08 02:06:00 WinAce/projects/zip
