#
# A fatal error has been detected by the Java Runtime Environment:
#
#  EXCEPTION_ACCESS_VIOLATION (0xc0000005) at pc=0x67f59af3, pid=7412, tid=0x000024d8
#
# JRE version: Java(TM) SE Runtime Environment (8.0_121-b13) (build 1.8.0_121-b13)
# Java VM: Java HotSpot(TM) Client VM (25.121-b13 mixed mode windows-x86 )
# Problematic frame:
# C  [awt.dll+0xa9af3]
#
# Failed to write core dump. Minidumps are not enabled by default on client versions of Windows
#
# If you would like to submit a bug report, please visit:
#   http://bugreport.java.com/bugreport/crash.jsp
# The crash happened outside the Java Virtual Machine in native code.
# See problematic frame for where to report the bug.
#

---------------  T H R E A D  ---------------

Current thread (0x356ee400):  JavaThread "AWT-EventQueue-0" [_thread_in_native, id=9432, stack(0x364e0000,0x36530000)]

siginfo: ExceptionCode=0xc0000005, reading address 0x00000004

Registers:
EAX=0x0000000d, EBX=0x860114b6, ECX=0x00000000, EDX=0x02a3f110
ESP=0x3652dec8, EBP=0x73fd6870, ESI=0x35656a28, EDI=0x3a761f58
EIP=0x67f59af3, EFLAGS=0x00010213

Top of Stack: (sp=0x3652dec8)
0x3652dec8:   67ede936 860114b6 3a761f58 356ee540
0x3652ded8:   3652df98 3652e450 67f0b3db 356ee540
0x3652dee8:   3a761f58 3652e450 67f0b3f2 00000001
0x3652def8:   00000000 00000000 67edbb85 356ee540
0x3652df08:   3652e450 356ee400 00000000 3647cb60
0x3652df18:   06ad8bb8 2395d2f8 0696b330 3a7c6608
0x3652df28:   3652e454 356ee540 00000000 00000212
0x3652df38:   3652e678 04a50044 3652e678 046bfafc 

Instructions: (pc=0x67f59af3)
0x67f59ad3:   00 00 c3 8b 41 04 8b 80 0c 0c 00 00 c3 8b 01 83
0x67f59ae3:   78 04 08 7e 03 33 c0 c3 8b 49 04 e9 30 eb fe ff
0x67f59af3:   8b 49 04 85 c9 74 05 e9 3e e9 fe ff 33 c0 c2 04
0x67f59b03:   00 8b 49 04 85 c9 74 05 e9 53 e9 fe ff c2 04 00 


Register to memory mapping:

EAX=0x0000000d is an unknown value
EBX=0x860114b6 is an unknown value
ECX=0x00000000 is an unknown value
EDX=0x02a3f110 is an unknown value
ESP=0x3652dec8 is pointing into the stack for thread: 0x356ee400
EBP=0x73fd6870 is an unknown value
ESI=0x35656a28 is an unknown value
EDI=0x3a761f58 is an unknown value


Stack: [0x364e0000,0x36530000],  sp=0x3652dec8,  free space=311k
Native frames: (J=compiled Java code, j=interpreted, Vv=VM code, C=native code)
C  [awt.dll+0xa9af3]

Java frames: (J=compiled Java code, j=interpreted, Vv=VM code)
J 9605  sun.java2d.windows.GDIBlitLoops.nativeBlit(Lsun/java2d/SurfaceData;Lsun/java2d/SurfaceData;Lsun/java2d/pipe/Region;IIIIIIIIIZ)V (0 bytes) @ 0x04461f58 [0x04461e90+0xc8]
j  sun.java2d.windows.GDIBlitLoops.Blit(Lsun/java2d/SurfaceData;Lsun/java2d/SurfaceData;Ljava/awt/Composite;Lsun/java2d/pipe/Region;IIIIII)V+33
J 89487 C1 sun.java2d.pipe.DrawImage.blitSurfaceData(Lsun/java2d/SunGraphics2D;Lsun/java2d/pipe/Region;Lsun/java2d/SurfaceData;Lsun/java2d/SurfaceData;Lsun/java2d/loops/SurfaceType;Lsun/java2d/loops/SurfaceType;IIIIIILjava/awt/Color;)V (145 bytes) @ 0x04d0bf40 [0x04d0bd20+0x220]
J 89489 C1 sun.java2d.pipe.DrawImage.renderImageCopy(Lsun/java2d/SunGraphics2D;Ljava/awt/Image;Ljava/awt/Color;IIIIII)Z (147 bytes) @ 0x04d0c75c [0x04d0c640+0x11c]
J 89508 C1 sun.java2d.pipe.DrawImage.copyImage(Lsun/java2d/SunGraphics2D;Ljava/awt/Image;IILjava/awt/Color;)Z (105 bytes) @ 0x0448b870 [0x0448b690+0x1e0]
J 89507 C1 sun.java2d.pipe.DrawImage.copyImage(Lsun/java2d/SunGraphics2D;Ljava/awt/Image;IILjava/awt/Color;Ljava/awt/image/ImageObserver;)Z (60 bytes) @ 0x044828e8 [0x04482780+0x168]
J 90071 C1 sun.java2d.pipe.ValidatePipe.copyImage(Lsun/java2d/SunGraphics2D;Ljava/awt/Image;IILjava/awt/Color;Ljava/awt/image/ImageObserver;)Z (29 bytes) @ 0x04664ae8 [0x04664a70+0x78]
J 89502 C1 sun.java2d.SunGraphics2D.drawImage(Ljava/awt/Image;IILjava/awt/Color;Ljava/awt/image/ImageObserver;)Z (145 bytes) @ 0x046ee30c [0x046ee110+0x1fc]
J 89501 C1 sun.java2d.SunGraphics2D.drawImage(Ljava/awt/Image;IILjava/awt/image/ImageObserver;)Z (11 bytes) @ 0x0460c880 [0x0460c840+0x40]
J 5670 C1 javax.swing.RepaintManager$PaintManager.paintDoubleBuffered(Ljavax/swing/JComponent;Ljava/awt/Image;Ljava/awt/Graphics;IIII)V (294 bytes) @ 0x04ba3588 [0x04ba33e0+0x1a8]
J 6197 C1 javax.swing.RepaintManager$PaintManager.paint(Ljavax/swing/JComponent;Ljavax/swing/JComponent;Ljava/awt/Graphics;IIII)Z (189 bytes) @ 0x044a510c [0x044a4ed0+0x23c]
J 9480 C1 javax.swing.RepaintManager.paint(Ljavax/swing/JComponent;Ljavax/swing/JComponent;Ljava/awt/Graphics;IIII)V (93 bytes) @ 0x047763f0 [0x04776200+0x1f0]
J 6349 C1 javax.swing.JComponent.paint(Ljava/awt/Graphics;)V (409 bytes) @ 0x0479bc30 [0x0479b8a0+0x390]
j  java.awt.GraphicsCallback$PaintCallback.run(Ljava/awt/Component;Ljava/awt/Graphics;)V+2
j  sun.awt.SunGraphicsCallback.runOneComponent(Ljava/awt/Component;Ljava/awt/Rectangle;Ljava/awt/Graphics;Ljava/awt/Shape;I)V+155
j  sun.awt.SunGraphicsCallback.runComponents([Ljava/awt/Component;Ljava/awt/Graphics;I)V+194
j  java.awt.Container.paint(Ljava/awt/Graphics;)V+58
j  java.awt.Window.paint(Ljava/awt/Graphics;)V+68
J 9473 C1 javax.swing.RepaintManager$4.run()Ljava/lang/Void; (278 bytes) @ 0x0454d4f4 [0x0454d220+0x2d4]
J 9472 C1 javax.swing.RepaintManager$4.run()Ljava/lang/Object; (5 bytes) @ 0x0475e820 [0x0475e800+0x20]
v  ~StubRoutines::call_stub
J 558  java.security.AccessController.doPrivileged(Ljava/security/PrivilegedAction;Ljava/security/AccessControlContext;)Ljava/lang/Object; (0 bytes) @ 0x04530b47 [0x04530ae0+0x67]
J 5621 C1 javax.swing.RepaintManager.paintDirtyRegions(Ljava/util/Map;)V (196 bytes) @ 0x04b919fc [0x04b91620+0x3dc]
J 42029 C1 javax.swing.RepaintManager.paintDirtyRegions()V (50 bytes) @ 0x044df9e4 [0x044df8a0+0x144]
J 15502 C1 javax.swing.RepaintManager.prePaintDirtyRegions()V (91 bytes) @ 0x04b8c3f4 [0x04b8c230+0x1c4]
J 16217 C1 javax.swing.RepaintManager$ProcessingRunnable.run()V (41 bytes) @ 0x0449c024 [0x0449bef0+0x134]
J 4662 C1 java.awt.event.InvocationEvent.dispatch()V (69 bytes) @ 0x04a93c9c [0x04a93bb0+0xec]
J 3280 C1 java.awt.EventQueue.dispatchEventImpl(Ljava/awt/AWTEvent;Ljava/lang/Object;)V (149 bytes) @ 0x045b5ed0 [0x045b5a10+0x4c0]
J 3277 C1 java.awt.EventQueue$3.run()Ljava/lang/Void; (60 bytes) @ 0x0461205c [0x04612000+0x5c]
J 3276 C1 java.awt.EventQueue$3.run()Ljava/lang/Object; (5 bytes) @ 0x04612420 [0x04612400+0x20]
v  ~StubRoutines::call_stub
J 558  java.security.AccessController.doPrivileged(Ljava/security/PrivilegedAction;Ljava/security/AccessControlContext;)Ljava/lang/Object; (0 bytes) @ 0x04530b47 [0x04530ae0+0x67]
J 3272 C1 java.awt.EventQueue.dispatchEvent(Ljava/awt/AWTEvent;)V (80 bytes) @ 0x045b6988 [0x045b6780+0x208]
J 2053 C1 java.awt.EventDispatchThread.pumpOneEventForFilters(I)V (295 bytes) @ 0x0475b850 [0x0475b1c0+0x690]
J 8555% C1 java.awt.EventDispatchThread.pumpEventsForFilter(ILjava/awt/Conditional;Ljava/awt/EventFilter;)V (47 bytes) @ 0x049f09b0 [0x049f0900+0xb0]
j  java.awt.EventDispatchThread.pumpEventsForHierarchy(ILjava/awt/Conditional;Ljava/awt/Component;)V+11
j  java.awt.EventDispatchThread.pumpEvents(ILjava/awt/Conditional;)V+4
j  java.awt.EventDispatchThread.pumpEvents(Ljava/awt/Conditional;)V+3
j  java.awt.EventDispatchThread.run()V+9
v  ~StubRoutines::call_stub

---------------  P R O C E S S  ---------------

Java Threads: ( => current thread )
  0x34e68c00 JavaThread "Detect hyperlinks at caret" daemon [_thread_blocked, id=18560, stack(0x02720000,0x02770000)]
  0x39ef0400 JavaThread "Thread-6" daemon [_thread_in_native, id=12800, stack(0x04050000,0x040a0000)]
  0x39eef800 JavaThread "Tooltip timer in CC Editor" daemon [_thread_blocked, id=18596, stack(0x3b990000,0x3b9e0000)]
  0x39eef000 JavaThread "Brackets Highlighter" [_thread_blocked, id=18440, stack(0x3d960000,0x3d9b0000)]
  0x39eefc00 JavaThread "OxygenSingletonChecker-Thread" [_thread_in_native, id=18436, stack(0x3d8d0000,0x3d920000)]
  0x39ef0800 JavaThread "DB Sessions Manager fire timer" daemon [_thread_blocked, id=236, stack(0x3b680000,0x3b6d0000)]
  0x39eee800 JavaThread "AutomaticallyValidation" daemon [_thread_blocked, id=15736, stack(0x3b040000,0x3b540000)]
  0x39eee400 JavaThread "Autosave" daemon [_thread_blocked, id=380, stack(0x3afb0000,0x3b000000)]
  0x3559f400 JavaThread "TimerQueue" daemon [_thread_blocked, id=9548, stack(0x39aa0000,0x39af0000)]
  0x3589c800 JavaThread "AutomaticallyValidation" daemon [_thread_blocked, id=14680, stack(0x38f70000,0x39470000)]
  0x35664400 JavaThread "Autosave" daemon [_thread_blocked, id=13888, stack(0x38d30000,0x38d80000)]
=>0x356ee400 JavaThread "AWT-EventQueue-0" [_thread_in_native, id=9432, stack(0x364e0000,0x36530000)]
  0x35662c00 JavaThread "AWT-Shutdown" [_thread_blocked, id=16980, stack(0x350b0000,0x35100000)]
  0x34bfd000 JavaThread "AWT-Windows" daemon [_thread_in_native, id=14568, stack(0x34f30000,0x34f80000)]
  0x34bfb800 JavaThread "Java2D Disposer" daemon [_thread_blocked, id=8768, stack(0x349f0000,0x34a40000)]
  0x342c1000 JavaThread "Service Thread" daemon [_thread_blocked, id=13732, stack(0x347e0000,0x34830000)]
  0x34295000 JavaThread "C1 CompilerThread0" daemon [_thread_blocked, id=4676, stack(0x34750000,0x347a0000)]
  0x34294000 JavaThread "Attach Listener" daemon [_thread_blocked, id=17952, stack(0x346c0000,0x34710000)]
  0x3429fc00 JavaThread "Signal Dispatcher" daemon [_thread_blocked, id=15196, stack(0x34630000,0x34680000)]
  0x34288c00 JavaThread "Finalizer" daemon [_thread_blocked, id=12364, stack(0x344b0000,0x34500000)]
  0x34273400 JavaThread "Reference Handler" daemon [_thread_blocked, id=12572, stack(0x34420000,0x34470000)]
  0x0439e000 JavaThread "main" [_thread_blocked, id=2632, stack(0x00400000,0x00450000)]

Other Threads:
  0x3426e800 VMThread [stack: 0x34390000,0x343e0000] [id=12312]
  0x342c5000 WatcherThread [stack: 0x34870000,0x348c0000] [id=13116]

VM state:not at safepoint (normal execution)

VM Mutex/Monitor currently owned by a thread: None

Heap:
 PSYoungGen      total 204544K, used 27794K [0x236c0000, 0x31080000, 0x32000000)
  eden space 185856K, 10% used [0x236c0000,0x248eeb58,0x2ec40000)
  from space 18688K, 49% used [0x2ec40000,0x2f535f08,0x2fe80000)
  to   space 18176K, 0% used [0x2fec0000,0x2fec0000,0x31080000)
 ParOldGen       total 139520K, used 113347K [0x06400000, 0x0ec40000, 0x236c0000)
  object space 139520K, 81% used [0x06400000,0x0d2b0ea8,0x0ec40000)
 Metaspace       used 46052K, capacity 46410K, committed 46464K, reserved 46464K

Card table byte_map: [0x32000000,0x32160000] byte_map_base: 0x31fce000

Marking Bits: (ParMarkBitMap*) 0x71bf1d88
 Begin Bits: [0x32450000, 0x32f40000)
 End Bits:   [0x32f40000, 0x33a30000)

Polling page: 0x04030000

CodeCache: size=32768Kb used=8317Kb max_used=9585Kb free=24450Kb
 bounds [0x043a0000, 0x04d38000, 0x063a0000]
 total_blobs=4388 nmethods=4072 adapters=241
 compilation: enabled

Compilation events (10 events):
Event: 197196.968 Thread 0x34295000 93066             sun.java2d.loops.GraphicsPrimitiveMgr::locate (104 bytes)
Event: 197196.969 Thread 0x34295000 nmethod 93066 0x0487b2c8 code [0x0487b420, 0x0487b710]
Event: 197196.969 Thread 0x34295000 93067   !         java.awt.GradientPaintContext::<init> (649 bytes)
Event: 197196.971 Thread 0x34295000 nmethod 93067 0x0487e7c8 code [0x0487ea00, 0x0487f524]
Event: 197196.974 Thread 0x34295000 93068             java.awt.Component::getBackground (29 bytes)
Event: 197196.974 Thread 0x34295000 nmethod 93068 0x049ed308 code [0x049ed410, 0x049ed4dc]
Event: 197197.526 Thread 0x34295000 93069             sun.awt.geom.Order1::compareTo (347 bytes)
Event: 197197.527 Thread 0x34295000 nmethod 93069 0x049b1188 code [0x049b1390, 0x049b1b0c]
Event: 197197.528 Thread 0x34295000 93070             sun.awt.geom.Edge::compareTo (118 bytes)
Event: 197197.528 Thread 0x34295000 nmethod 93070 0x0487e208 code [0x0487e330, 0x0487e57c]

GC Heap History (10 events):
Event: 11269.931 GC heap before
{Heap before GC invocations=187 (full 8):
 PSYoungGen      total 205312K, used 190662K [0x236c0000, 0x31400000, 0x32000000)
  eden space 184576K, 100% used [0x236c0000,0x2eb00000,0x2eb00000)
  from space 20736K, 29% used [0x2ff40000,0x305319f8,0x31380000)
  to   space 20736K, 0% used [0x2eb00000,0x2eb00000,0x2ff40000)
 ParOldGen       total 139520K, used 112979K [0x06400000, 0x0ec40000, 0x236c0000)
  object space 139520K, 80% used [0x06400000,0x0d254e88,0x0ec40000)
 Metaspace       used 46031K, capacity 46407K, committed 46464K, reserved 46464K
Event: 11269.950 GC heap after
Heap after GC invocations=187 (full 8):
 PSYoungGen      total 205312K, used 7890K [0x236c0000, 0x312c0000, 0x32000000)
  eden space 184576K, 0% used [0x236c0000,0x236c0000,0x2eb00000)
  from space 20736K, 38% used [0x2eb00000,0x2f2b4918,0x2ff40000)
  to   space 19968K, 0% used [0x2ff40000,0x2ff40000,0x312c0000)
 ParOldGen       total 139520K, used 113043K [0x06400000, 0x0ec40000, 0x236c0000)
  object space 139520K, 81% used [0x06400000,0x0d264e88,0x0ec40000)
 Metaspace       used 46031K, capacity 46407K, committed 46464K, reserved 46464K
}
Event: 11334.893 GC heap before
{Heap before GC invocations=188 (full 8):
 PSYoungGen      total 205312K, used 192466K [0x236c0000, 0x312c0000, 0x32000000)
  eden space 184576K, 100% used [0x236c0000,0x2eb00000,0x2eb00000)
  from space 20736K, 38% used [0x2eb00000,0x2f2b4918,0x2ff40000)
  to   space 19968K, 0% used [0x2ff40000,0x2ff40000,0x312c0000)
 ParOldGen       total 139520K, used 113043K [0x06400000, 0x0ec40000, 0x236c0000)
  object space 139520K, 81% used [0x06400000,0x0d264e88,0x0ec40000)
 Metaspace       used 46031K, capacity 46407K, committed 46464K, reserved 46464K
Event: 11334.909 GC heap after
Heap after GC invocations=188 (full 8):
 PSYoungGen      total 204288K, used 11110K [0x236c0000, 0x311c0000, 0x32000000)
  eden space 185344K, 0% used [0x236c0000,0x236c0000,0x2ebc0000)
  from space 18944K, 58% used [0x2ff40000,0x30a19b60,0x311c0000)
  to   space 19456K, 0% used [0x2ebc0000,0x2ebc0000,0x2fec0000)
 ParOldGen       total 139520K, used 113111K [0x06400000, 0x0ec40000, 0x236c0000)
  object space 139520K, 81% used [0x06400000,0x0d275e88,0x0ec40000)
 Metaspace       used 46031K, capacity 46407K, committed 46464K, reserved 46464K
}
Event: 11610.701 GC heap before
{Heap before GC invocations=189 (full 8):
 PSYoungGen      total 204288K, used 196454K [0x236c0000, 0x311c0000, 0x32000000)
  eden space 185344K, 100% used [0x236c0000,0x2ebc0000,0x2ebc0000)
  from space 18944K, 58% used [0x2ff40000,0x30a19b60,0x311c0000)
  to   space 19456K, 0% used [0x2ebc0000,0x2ebc0000,0x2fec0000)
 ParOldGen       total 139520K, used 113111K [0x06400000, 0x0ec40000, 0x236c0000)
  object space 139520K, 81% used [0x06400000,0x0d275e88,0x0ec40000)
 Metaspace       used 46049K, capacity 46407K, committed 46464K, reserved 46464K
Event: 11610.716 GC heap after
Heap after GC invocations=189 (full 8):
 PSYoungGen      total 204800K, used 12716K [0x236c0000, 0x31280000, 0x32000000)
  eden space 185344K, 0% used [0x236c0000,0x236c0000,0x2ebc0000)
  from space 19456K, 65% used [0x2ebc0000,0x2f82b2a0,0x2fec0000)
  to   space 19456K, 0% used [0x2ff80000,0x2ff80000,0x31280000)
 ParOldGen       total 139520K, used 113151K [0x06400000, 0x0ec40000, 0x236c0000)
  object space 139520K, 81% used [0x06400000,0x0d27fe88,0x0ec40000)
 Metaspace       used 46049K, capacity 46407K, committed 46464K, reserved 46464K
}
Event: 12021.584 GC heap before
{Heap before GC invocations=190 (full 8):
 PSYoungGen      total 204800K, used 198060K [0x236c0000, 0x31280000, 0x32000000)
  eden space 185344K, 100% used [0x236c0000,0x2ebc0000,0x2ebc0000)
  from space 19456K, 65% used [0x2ebc0000,0x2f82b2a0,0x2fec0000)
  to   space 19456K, 0% used [0x2ff80000,0x2ff80000,0x31280000)
 ParOldGen       total 139520K, used 113151K [0x06400000, 0x0ec40000, 0x236c0000)
  object space 139520K, 81% used [0x06400000,0x0d27fe88,0x0ec40000)
 Metaspace       used 46051K, capacity 46410K, committed 46464K, reserved 46464K
Event: 12021.614 GC heap after
Heap after GC invocations=190 (full 8):
 PSYoungGen      total 203520K, used 9471K [0x236c0000, 0x310c0000, 0x32000000)
  eden space 185856K, 0% used [0x236c0000,0x236c0000,0x2ec40000)
  from space 17664K, 53% used [0x2ff80000,0x308bfec8,0x310c0000)
  to   space 18688K, 0% used [0x2ec40000,0x2ec40000,0x2fe80000)
 ParOldGen       total 139520K, used 113319K [0x06400000, 0x0ec40000, 0x236c0000)
  object space 139520K, 81% used [0x06400000,0x0d2a9ea8,0x0ec40000)
 Metaspace       used 46051K, capacity 46410K, committed 46464K, reserved 46464K
}
Event: 12046.556 GC heap before
{Heap before GC invocations=191 (full 8):
 PSYoungGen      total 203520K, used 195327K [0x236c0000, 0x310c0000, 0x32000000)
  eden space 185856K, 100% used [0x236c0000,0x2ec40000,0x2ec40000)
  from space 17664K, 53% used [0x2ff80000,0x308bfec8,0x310c0000)
  to   space 18688K, 0% used [0x2ec40000,0x2ec40000,0x2fe80000)
 ParOldGen       total 139520K, used 113319K [0x06400000, 0x0ec40000, 0x236c0000)
  object space 139520K, 81% used [0x06400000,0x0d2a9ea8,0x0ec40000)
 Metaspace       used 46051K, capacity 46410K, committed 46464K, reserved 46464K
Event: 12046.564 GC heap after
Heap after GC invocations=191 (full 8):
 PSYoungGen      total 204544K, used 9175K [0x236c0000, 0x31080000, 0x32000000)
  eden space 185856K, 0% used [0x236c0000,0x236c0000,0x2ec40000)
  from space 18688K, 49% used [0x2ec40000,0x2f535f08,0x2fe80000)
  to   space 18176K, 0% used [0x2fec0000,0x2fec0000,0x31080000)
 ParOldGen       total 139520K, used 113347K [0x06400000, 0x0ec40000, 0x236c0000)
  object space 139520K, 81% used [0x06400000,0x0d2b0ea8,0x0ec40000)
 Metaspace       used 46051K, capacity 46410K, committed 46464K, reserved 46464K
}

Deoptimization events (0 events):
No events

Internal exceptions (10 events):
Event: 12029.843 Thread 0x356ee400 Exception <a 'java/io/FileNotFoundException'> (0x26da75d8) thrown at [C:\workspace\8-2-build-windows-i586-cygwin\jdk8u121\8372\hotspot\src\share\vm\prims\jni.cpp, line 709]
Event: 12031.924 Thread 0x356ee400 Exception <a 'java/io/FileNotFoundException'> (0x27835228) thrown at [C:\workspace\8-2-build-windows-i586-cygwin\jdk8u121\8372\hotspot\src\share\vm\prims\jni.cpp, line 709]
Event: 12032.452 Thread 0x356ee400 Exception <a 'java/io/FileNotFoundException'> (0x283416c8) thrown at [C:\workspace\8-2-build-windows-i586-cygwin\jdk8u121\8372\hotspot\src\share\vm\prims\jni.cpp, line 709]
Event: 12033.949 Thread 0x356ee400 Exception <a 'java/io/FileNotFoundException'> (0x2914b838) thrown at [C:\workspace\8-2-build-windows-i586-cygwin\jdk8u121\8372\hotspot\src\share\vm\prims\jni.cpp, line 709]
Event: 12034.857 Thread 0x356ee400 Exception <a 'java/io/FileNotFoundException'> (0x29ca17c8) thrown at [C:\workspace\8-2-build-windows-i586-cygwin\jdk8u121\8372\hotspot\src\share\vm\prims\jni.cpp, line 709]
Event: 12035.359 Thread 0x356ee400 Exception <a 'java/io/FileNotFoundException'> (0x2a72aeb0) thrown at [C:\workspace\8-2-build-windows-i586-cygwin\jdk8u121\8372\hotspot\src\share\vm\prims\jni.cpp, line 709]
Event: 12037.776 Thread 0x356ee400 Exception <a 'java/io/FileNotFoundException'> (0x2b2ed528) thrown at [C:\workspace\8-2-build-windows-i586-cygwin\jdk8u121\8372\hotspot\src\share\vm\prims\jni.cpp, line 709]
Event: 12039.552 Thread 0x356ee400 Exception <a 'java/io/FileNotFoundException'> (0x2c2b1a00) thrown at [C:\workspace\8-2-build-windows-i586-cygwin\jdk8u121\8372\hotspot\src\share\vm\prims\jni.cpp, line 709]
Event: 12040.289 Thread 0x356ee400 Exception <a 'java/io/FileNotFoundException'> (0x2cd42590) thrown at [C:\workspace\8-2-build-windows-i586-cygwin\jdk8u121\8372\hotspot\src\share\vm\prims\jni.cpp, line 709]
Event: 12043.506 Thread 0x356ee400 Exception <a 'java/io/FileNotFoundException'> (0x2d9f8250) thrown at [C:\workspace\8-2-build-windows-i586-cygwin\jdk8u121\8372\hotspot\src\share\vm\prims\jni.cpp, line 709]

Events (10 events):
Event: 197196.907 Thread 0x34295000 flushing nmethod 0x0487f788
Event: 197196.907 Thread 0x34295000 flushing nmethod 0x04881388
Event: 197196.907 Thread 0x34295000 flushing nmethod 0x04881c08
Event: 197196.907 Thread 0x34295000 flushing nmethod 0x04884548
Event: 197196.907 Thread 0x34295000 flushing nmethod 0x04884d48
Event: 197196.907 Thread 0x34295000 flushing nmethod 0x04885888
Event: 197196.907 Thread 0x34295000 flushing nmethod 0x04886288
Event: 197196.940 Thread 0x34295000 flushing nmethod 0x049ed248
Event: 197196.941 Thread 0x34295000 flushing nmethod 0x04ae3008
Event: 197196.941 Thread 0x34295000 flushing nmethod 0x04c15ac8


Dynamic libraries:
0x00030000 - 0x000d3000 	C:\Program Files (x86)\Oxygen XML Author 19\oxygenAuthor19.1.exe
0x77370000 - 0x774fd000 	C:\windows\SYSTEM32\ntdll.dll
0x75180000 - 0x75250000 	C:\windows\System32\KERNEL32.DLL
0x75c60000 - 0x75e37000 	C:\windows\System32\KERNELBASE.dll
0x752e0000 - 0x75455000 	C:\windows\System32\USER32.dll
0x752c0000 - 0x752d6000 	C:\windows\System32\win32u.dll
0x73fd0000 - 0x73ff2000 	C:\windows\System32\GDI32.dll
0x75550000 - 0x756ae000 	C:\windows\System32\gdi32full.dll
0x73f50000 - 0x73fcc000 	C:\windows\System32\msvcp_win.dll
0x74560000 - 0x74677000 	C:\windows\System32\ucrtbase.dll
0x75700000 - 0x75778000 	C:\windows\System32\ADVAPI32.dll
0x75780000 - 0x7583d000 	C:\windows\System32\msvcrt.dll
0x756b0000 - 0x756f3000 	C:\windows\System32\sechost.dll
0x73dc0000 - 0x73e7e000 	C:\windows\System32\RPCRT4.dll
0x73d90000 - 0x73db0000 	C:\windows\System32\SspiCli.dll
0x73d80000 - 0x73d8a000 	C:\windows\System32\CRYPTBASE.dll
0x75890000 - 0x758e7000 	C:\windows\System32\bcryptPrimitives.dll
0x748d0000 - 0x748f5000 	C:\windows\System32\IMM32.DLL
0x74680000 - 0x748c6000 	C:\windows\System32\combase.dll
0x73d10000 - 0x73d41000 	C:\windows\System32\AwDmRegI.dll
0x69960000 - 0x69b71000 	C:\windows\WinSxS\x86_microsoft.windows.common-controls_6595b64144ccf1df_6.0.16299.371_none_5d75084fa7e1cb96\comctl32.dll
0x71860000 - 0x71c2e000 	c:\program files (x86)\oxygen xml author 19\jre\bin\client\jvm.dll
0x77360000 - 0x77366000 	C:\windows\System32\PSAPI.DLL
0x72d10000 - 0x72d18000 	C:\windows\SYSTEM32\VERSION.dll
0x72070000 - 0x7212f000 	C:\windows\SYSTEM32\MSVCR100.dll
0x73400000 - 0x73424000 	C:\windows\SYSTEM32\WINMM.dll
0x728e0000 - 0x728e8000 	C:\windows\SYSTEM32\WSOCK32.dll
0x73e90000 - 0x73ef6000 	C:\windows\System32\WS2_32.dll
0x733d0000 - 0x733f3000 	C:\windows\SYSTEM32\WINMMBASE.dll
0x74f00000 - 0x74f38000 	C:\windows\System32\cfgmgr32.dll
0x71850000 - 0x7185c000 	c:\program files (x86)\oxygen xml author 19\jre\bin\verify.dll
0x706f0000 - 0x70711000 	c:\program files (x86)\oxygen xml author 19\jre\bin\java.dll
0x706d0000 - 0x706e3000 	c:\program files (x86)\oxygen xml author 19\jre\bin\zip.dll
0x76020000 - 0x77353000 	C:\windows\System32\SHELL32.dll
0x75a60000 - 0x75ae8000 	C:\windows\System32\shcore.dll
0x74910000 - 0x74ed6000 	C:\windows\System32\windows.storage.dll
0x73f00000 - 0x73f45000 	C:\windows\System32\shlwapi.dll
0x73db0000 - 0x73dbe000 	C:\windows\System32\kernel.appcore.dll
0x750d0000 - 0x75115000 	C:\windows\System32\powrprof.dll
0x74ee0000 - 0x74ef4000 	C:\windows\System32\profapi.dll
0x706a0000 - 0x706c8000 	C:\Program Files (x86)\Oxygen XML Author 19\.install4j\i4jinst.dll
0x744c0000 - 0x74553000 	C:\windows\System32\OLEAUT32.dll
0x75f20000 - 0x76017000 	C:\windows\System32\ole32.dll
0x71840000 - 0x7184a000 	C:\Program Files (x86)\Oxygen XML Author 19\jre\bin\management.dll
0x70670000 - 0x70691000 	C:\Program Files (x86)\Oxygen XML Author 19\jre\bin\JavaAccessBridge-32.dll
0x67eb0000 - 0x67ff6000 	C:\Program Files (x86)\Oxygen XML Author 19\jre\bin\awt.dll
0x73bc0000 - 0x73c5a000 	C:\windows\SYSTEM32\apphelp.dll
0x73350000 - 0x733c9000 	C:\windows\system32\uxtheme.dll
0x75b10000 - 0x75c54000 	C:\windows\System32\MSCTF.dll
0x71700000 - 0x71787000 	C:\Program Files (x86)\Common Files\Microsoft Shared\Ink\tiptsf.dll
0x73320000 - 0x73343000 	C:\windows\system32\dwmapi.dll
0x70590000 - 0x7066f000 	C:\windows\system32\opengl32.dll
0x70560000 - 0x70585000 	C:\windows\SYSTEM32\GLU32.dll
0x6e4f0000 - 0x6e503000 	C:\windows\SYSTEM32\CRYPTSP.dll
0x6e4c0000 - 0x6e4ef000 	C:\windows\system32\rsaenh.dll
0x73880000 - 0x73899000 	C:\windows\SYSTEM32\bcrypt.dll
0x736a0000 - 0x736c2000 	C:\windows\SYSTEM32\USERENV.dll
0x70540000 - 0x70556000 	C:\Program Files (x86)\Oxygen XML Author 19\jre\bin\net.dll
0x721f0000 - 0x72245000 	C:\windows\system32\mswsock.dll
0x73d50000 - 0x73d80000 	C:\windows\SYSTEM32\IPHLPAPI.DLL
0x74900000 - 0x74907000 	C:\windows\System32\NSI.dll
0x68590000 - 0x685a3000 	C:\windows\SYSTEM32\dhcpcsvc6.DLL
0x68570000 - 0x68584000 	C:\windows\SYSTEM32\dhcpcsvc.DLL
0x70530000 - 0x7053f000 	C:\Program Files (x86)\Oxygen XML Author 19\jre\bin\nio.dll
0x35ea0000 - 0x35edd000 	C:\Program Files (x86)\Oxygen XML Author 19\lib\com\sun\jna\win32-x86\jnidispatch.dll
0x6b7a0000 - 0x6b7d9000 	C:\Program Files (x86)\Oxygen XML Author 19\jre\bin\fontmanager.dll
0x754c0000 - 0x75542000 	C:\windows\System32\clbcatq.dll
0x64040000 - 0x641de000 	C:\Windows\System32\uiautomationcore.dll
0x69dc0000 - 0x69e46000 	C:\windows\SYSTEM32\sxs.dll
0x66010000 - 0x6609c000 	C:\Windows\System32\CoreMessaging.dll
0x6b760000 - 0x6b792000 	C:\Program Files (x86)\Oxygen XML Author 19\jre\bin\t2k.dll
0x63e00000 - 0x64034000 	C:\Windows\System32\CoreUIComponents.dll
0x72db0000 - 0x72dd8000 	C:\windows\SYSTEM32\ntmarta.dll
0x6ae60000 - 0x6af2b000 	C:\windows\SYSTEM32\wintypes.dll
0x6b730000 - 0x6b754000 	C:\Program Files (x86)\Oxygen XML Author 19\jre\bin\dcpr.dll
0x73610000 - 0x7369e000 	C:\windows\WinSxS\x86_microsoft.windows.common-controls_6595b64144ccf1df_5.82.16299.371_none_d02abd455f338e37\comctl32.dll
0x6b710000 - 0x6b726000 	C:\Program Files (x86)\Oxygen XML Author 19\lib\WindowsNativeHelper32.dll
0x75e40000 - 0x75f14000 	C:\windows\System32\COMDLG32.dll
0x6b6f0000 - 0x6b710000 	C:\Program Files (x86)\Oxygen XML Author 19\jre\bin\sunec.dll
0x72290000 - 0x722a1000 	C:\windows\system32\napinsp.dll
0x72270000 - 0x72286000 	C:\windows\system32\pnrpnsp.dll
0x72250000 - 0x72263000 	C:\windows\system32\NLAapi.dll
0x72150000 - 0x721e4000 	C:\windows\SYSTEM32\DNSAPI.dll
0x72140000 - 0x7214c000 	C:\windows\System32\winrnr.dll
0x72130000 - 0x72140000 	C:\windows\System32\wshbth.dll
0x6a210000 - 0x6a25e000 	C:\windows\System32\fwpuclnt.dll
0x71da0000 - 0x71da8000 	C:\Windows\System32\rasadhlp.dll
0x6b6e0000 - 0x6b6e9000 	C:\Program Files (x86)\Oxygen XML Author 19\jre\bin\sunmscapi.dll
0x74f40000 - 0x750c2000 	C:\windows\System32\CRYPT32.dll
0x73e80000 - 0x73e8e000 	C:\windows\System32\MSASN1.dll
0x69d40000 - 0x69db7000 	C:\windows\System32\TextInputFramework.dll
0x735a0000 - 0x735f6000 	C:\Windows\System32\OLEACC.dll
0x6a790000 - 0x6a7fe000 	C:\windows\SYSTEM32\twinapi.dll
0x68c20000 - 0x68d54000 	C:\windows\SYSTEM32\twinapi.appcore.dll
0x6b660000 - 0x6b67a000 	C:\windows\SYSTEM32\RMCLIENT.dll
0x3ce40000 - 0x3cea1000 	\\?\C:\PROGRA~2\OXYGEN~1\lib\hunspell\HUNSPE~1.DLL
0x66b80000 - 0x66cee000 	C:\windows\SYSTEM32\WindowsCodecs.dll
0x6e510000 - 0x6e558000 	C:\windows\system32\dataexchange.dll
0x6a050000 - 0x6a14e000 	C:\windows\system32\dcomp.dll
0x68d60000 - 0x68f9e000 	C:\windows\system32\d3d11.dll
0x6b510000 - 0x6b5a3000 	C:\windows\system32\dxgi.dll
0x6bb90000 - 0x6bbcd000 	C:\windows\SYSTEM32\edputil.dll
0x6b1c0000 - 0x6b1d6000 	C:\windows\SYSTEM32\CLDAPI.dll
0x6b180000 - 0x6b1b6000 	C:\windows\SYSTEM32\AEPIC.dll
0x6b170000 - 0x6b178000 	C:\windows\SYSTEM32\FLTLIB.DLL
0x736e0000 - 0x7385b000 	C:\windows\SYSTEM32\PROPSYS.dll
0x6ddc0000 - 0x6df4c000 	C:\windows\SYSTEM32\urlmon.dll
0x75af0000 - 0x75b09000 	C:\windows\System32\imagehlp.dll
0x722b0000 - 0x724ca000 	C:\windows\SYSTEM32\iertutil.dll
0x6b040000 - 0x6b09e000 	C:\windows\SYSTEM32\msiso.dll
0x70840000 - 0x709c1000 	C:\windows\SYSTEM32\dbghelp.dll

VM Arguments:
jvm_args: -Dexe4j.semaphoreName=Local\c:_program_files_(x86)_oxygen_xml_author_19_oxygenauthor19.1.exe -Dexe4j.isInstall4j=true -Dexe4j.moduleName=C:\Program Files (x86)\Oxygen XML Author 19\oxygenAuthor19.1.exe -Dexe4j.tempDir= -Dexe4j.unextractedPosition=0 -Djava.library.path=C:\Program Files (x86)\Intel\Intel(R) Management Engine Components\iCLS\;C:\Program Files\Intel\Intel(R) Management Engine Components\iCLS\;C:\Program Files (x86)\Common Files\Oracle\Java\javapath;C:\Program Files (x86)\RSA SecurID Token Common;C:\Program Files\RSA SecurID Token Common;C:\windows\system32;C:\windows;C:\windows\System32\Wbem;C:\windows\System32\WindowsPowerShell\v1.0\;C:\Program Files (x86)\Intel\Intel(R) Management Engine Components\DAL;C:\Program Files\Intel\Intel(R) Management Engine Components\DAL;C:\Program Files (x86)\Intel\Intel(R) Management Engine Components\IPT;C:\Program Files\Intel\Intel(R) Management Engine Components\IPT;C:\Program Files\Intel\WiFi\bin\;C:\Program Files\Common Files\Intel\WirelessCommon\;C:\Program Files\Perforce;C:\Program Files\Perforce\DVCS\;C:\Program Files\Go\bin;C:\Program Files\nodejs\;C:\Users\vasudevanv\Desktop\vic;C:\Users\vasudevanv\Desktop\vic_19917.tar\vic_19917\vic;C:\Users\vasudevanv\AppData\Local\Microsoft\WindowsApps;C:\Users\vasudevanv\go\bin;C:\Users\vasudevanv\AppData\Roaming\npm;C:\AWork\VIC\VIC-Deployment\vic;C:\Users\vasudevanv\Desktop\vic_19917.tar\vic_19917\vic;;c:\program files (x86)\oxygen xml author 19\jre\bin -Dexe4j.consoleCodepage=cp0 -Dcom.oxygenxml.app.descriptor=ro.sync.exml.AuthorFrameDescriptor -XX:-OmitStackTraceInFastThrow -XX:SoftRefLRUPolicyMSPerMB=10 -Dsun.java2d.noddraw=true -Dsun.awt.nopixfmt=true -Dsun.java2d.dpiaware=true -Djava.net.preferIPv4Stack=true -Dsun.awt.keepWorkingSetOnMinimize=true -Dinstall4j.launcherId=19 -Dinstall4j.swt=false -Xmx700m -Dcom.oxygenxml.language=English -XX:+UseParallelGC -XX:ErrorFile=C:\Users\VASUDE~1\AppData\Local\Temp\/oxy_jvm_crash.log -XX:OnError=C:\Program Files (x86)\Oxygen XML Author 19/rp.exe 
java_command: C:\Program Files (x86)\Oxygen XML Author 19\oxygenAuthor19.1.exe
java_class_path (initial): C:\Program Files (x86)\Oxygen XML Author 19\.install4j\i4jruntime.jar;C:\Program Files (x86)\Oxygen XML Author 19\.\lib\oxygenAuthor.jar
Launcher Type: generic

Environment Variables:
PATH=C:\Program Files (x86)\Intel\Intel(R) Management Engine Components\iCLS\;C:\Program Files\Intel\Intel(R) Management Engine Components\iCLS\;C:\Program Files (x86)\Common Files\Oracle\Java\javapath;C:\Program Files (x86)\RSA SecurID Token Common;C:\Program Files\RSA SecurID Token Common;C:\windows\system32;C:\windows;C:\windows\System32\Wbem;C:\windows\System32\WindowsPowerShell\v1.0\;C:\Program Files (x86)\Intel\Intel(R) Management Engine Components\DAL;C:\Program Files\Intel\Intel(R) Management Engine Components\DAL;C:\Program Files (x86)\Intel\Intel(R) Management Engine Components\IPT;C:\Program Files\Intel\Intel(R) Management Engine Components\IPT;C:\Program Files\Intel\WiFi\bin\;C:\Program Files\Common Files\Intel\WirelessCommon\;C:\Program Files\Perforce;C:\Program Files\Perforce\DVCS\;C:\Program Files\Go\bin;C:\Program Files\nodejs\;C:\Users\vasudevanv\Desktop\vic;C:\Users\vasudevanv\Desktop\vic_19917.tar\vic_19917\vic;C:\Users\vasudevanv\AppData\Local\Microsoft\WindowsApps;C:\Users\vasudevanv\go\bin;C:\Users\vasudevanv\AppData\Roaming\npm;C:\AWork\VIC\VIC-Deployment\vic;C:\Users\vasudevanv\Desktop\vic_19917.tar\vic_19917\vic;;c:\program files (x86)\oxygen xml author 19\jre\bin
USERNAME=vasudevanv
OS=Windows_NT
PROCESSOR_IDENTIFIER=Intel64 Family 6 Model 142 Stepping 9, GenuineIntel



---------------  S Y S T E M  ---------------

OS: Windows 10.0 , 64 bit Build 16299 (10.0.16299.15)

CPU:total 4 (2 cores per cpu, 2 threads per core) family 6 model 142 stepping 9, cmov, cx8, fxsr, mmx, sse, sse2, sse3, ssse3, sse4.1, sse4.2, popcnt, avx, avx2, aes, clmul, erms, rtm, 3dnowpref, lzcnt, ht, tsc, tscinvbit, bmi1, bmi2, adx

Memory: 4k page, physical 16658884k(8676108k free), swap 19149252k(8924604k free)

vm_info: Java HotSpot(TM) Client VM (25.121-b13) for windows-x86 JRE (1.8.0_121-b13), built on Dec 12 2016 18:17:00 by "java_re" with MS VC++ 10.0 (VS2010)

time: Sun Nov 18 17:26:10 2018
elapsed time: 197197 seconds (2d 6h 46m 37s)

